
   Model: 
  1   ModelnameIdentifier: AlexNet
  2   LayersSeqBlockLayer: 
  2      LayernameIdentifier: features
         SeqBlocksSeqBlock: 
            OperatorBlock: 
  3            Conv2d: (3, 64, 11, 11, 4, 4, 2, 2, 1)
         SeqBlocksSeqBlock: 
            OperatorBlock: 
  4            ReLU: (1)
         SeqBlocksSeqBlock: 
            OperatorBlock: 
  5            MaxPool2d: (3, 2, 0, 1, 0)
         SeqBlocksSeqBlock: 
            OperatorBlock: 
  6            Conv2d: (64, 192, 5, 5, 1, 1, 2, 2, 1)
         SeqBlocksSeqBlock: 
            OperatorBlock: 
  7            ReLU: (1)
         SeqBlocksSeqBlock: 
            OperatorBlock: 
  8            MaxPool2d: (3, 2, 0, 1, 0)
         SeqBlocksSeqBlock: 
            OperatorBlock: 
  9            Conv2d: (192, 384, 3, 3, 1, 1, 1, 1, 1)
         SeqBlocksSeqBlock: 
            OperatorBlock: 
 10            ReLU: (1)
         SeqBlocksSeqBlock: 
            OperatorBlock: 
 11            Conv2d: (384, 256, 3, 3, 1, 1, 1, 1, 1)
         SeqBlocksSeqBlock: 
            OperatorBlock: 
 12            ReLU: (1)
         SeqBlocksSeqBlock: 
            OperatorBlock: 
 13            Conv2d: (256, 256, 3, 3, 1, 1, 1, 1, 1)
         SeqBlocksSeqBlock: 
            OperatorBlock: 
 14            ReLU: (1)
         SeqBlocksSeqBlock: 
            OperatorBlock: 
 15            MaxPool2d: (3, 2, 0, 1, 0)
 17   LayersBlockLayer: 
 17      LayernameIdentifier: avgpool
         BlockOperatorBlock: 
 17         AdaptiveAvgPool2d: (6, 6)
 18   LayersSeqBlockLayer: 
 18      LayernameIdentifier: classifier
         SeqBlocksSeqBlock: 
            OperatorBlock: 
 19            Dropout: (0.500000, 0)
         SeqBlocksSeqBlock: 
            OperatorBlock: 
 20            Linear: (9216, 4096, 1)
         SeqBlocksSeqBlock: 
            OperatorBlock: 
 21            ReLU: (1)
         SeqBlocksSeqBlock: 
            OperatorBlock: 
 22            Dropout: (0.500000, 0)
         SeqBlocksSeqBlock: 
            OperatorBlock: 
 23            Linear: (4096, 4096, 1)
         SeqBlocksSeqBlock: 
            OperatorBlock: 
 24            ReLU: (1)
         SeqBlocksSeqBlock: 
            OperatorBlock: 
 25            Linear: (4096, 1000, 1)